#
# There is insufficient memory for the Java Runtime Environment to continue.
# Native memory allocation (mmap) failed to map 32505856 bytes for Failed to commit area from 0x0000000089a00000 to 0x000000008b900000 of length 32505856.
# Possible reasons:
#   The system is out of physical RAM or swap space
#   The process is running with CompressedOops enabled, and the Java Heap may be blocking the growth of the native heap
# Possible solutions:
#   Reduce memory load on the system
#   Increase physical memory or swap space
#   Check if swap backing store is full
#   Decrease Java heap size (-Xmx/-Xms)
#   Decrease number of Java threads
#   Decrease Java thread stack sizes (-Xss)
#   Set larger code cache with -XX:ReservedCodeCacheSize=
#   JVM is running with Unscaled Compressed Oops mode in which the Java heap is
#     placed in the first 4GB address space. The Java Heap base address is the
#     maximum limit for the native heap growth. Please use -XX:HeapBaseMinAddress
#     to set the Java Heap base and to place the Java Heap above 4GB virtual address.
# This output file may be truncated or incomplete.
#
#  Out of Memory Error (./src/hotspot/os/windows/os_windows.cpp:3303), pid=15132, tid=14508
#
# JRE version: OpenJDK Runtime Environment (11.0.8+10) (build 11.0.8+10-b944.6842174)
# Java VM: OpenJDK 64-Bit Server VM (11.0.8+10-b944.6842174, mixed mode, tiered, compressed oops, g1 gc, windows-amd64)
# No core dump will be written. Minidumps are not enabled by default on client versions of Windows
#

---------------  S U M M A R Y ------------

Command Line: --add-opens=java.base/java.util=ALL-UNNAMED --add-opens=java.base/java.lang=ALL-UNNAMED --add-opens=java.base/java.lang.invoke=ALL-UNNAMED --add-opens=java.prefs/java.util.prefs=ALL-UNNAMED -Xmx2048m -Dfile.encoding=UTF-8 -Duser.country=US -Duser.language=en -Duser.variant org.gradle.launcher.daemon.bootstrap.GradleDaemon 6.7.1

Host: Intel(R) Core(TM) i7-5500U CPU @ 2.40GHz, 4 cores, 7G,  Windows 10 , 64 bit Build 19041 (10.0.19041.1023)
Time: Wed Jun 16 01:06:10 2021 SE Asia Standard Time elapsed time: 21 seconds (0d 0h 0m 21s)

---------------  T H R E A D  ---------------

Current thread (0x000002544e15e000):  VMThread "VM Thread" [stack: 0x00000064e8400000,0x00000064e8500000] [id=14508]

Stack: [0x00000064e8400000,0x00000064e8500000]
[error occurred during error reporting (printing stack bounds), id 0xc0000005, EXCEPTION_ACCESS_VIOLATION (0xc0000005) at pc=0x0000025438080dad]

Native frames: (J=compiled Java code, j=interpreted, Vv=VM code, C=native code)
V  [jvm.dll+0x5de50a]
V  [jvm.dll+0x7122f5]
V  [jvm.dll+0x71384d]
V  [jvm.dll+0x713e65]
V  [jvm.dll+0x713e1b]
V  [jvm.dll+0x5dd958]
V  [jvm.dll+0x5de0f8]
C  [ntdll.dll+0xa217f]
C  [ntdll.dll+0x51454]
C  [ntdll.dll+0xa0cae]
C  0x0000025438080dad

VM_Operation (0x00000064e99f7790): G1CollectForAllocation, mode: safepoint, requested by thread 0x0000025450628000


---------------  P R O C E S S  ---------------

Threads class SMR info:
_java_thread_list=0x000002545342bda0, length=132, elements={
0x00000254346fd800, 0x000002544e164000, 0x000002544e16d000, 0x000002544eaf2800,
0x000002544e176800, 0x000002544e179000, 0x000002544e18b800, 0x000002544e191000,
0x000002544ec45800, 0x000002544ec66800, 0x0000025450f17800, 0x000002544eeae000,
0x0000025450755800, 0x0000025450d3a800, 0x0000025450d3b000, 0x0000025450627000,
0x0000025450628000, 0x00000254504ad800, 0x00000254504ae000, 0x000002544f953000,
0x0000025450994800, 0x0000025450996000, 0x0000025450993800, 0x0000025450995800,
0x0000025450990800, 0x0000025450997000, 0x0000025450991800, 0x0000025450992000,
0x0000025450993000, 0x00000254512d2000, 0x00000254512d4800, 0x00000254512d7800,
0x00000254512d8800, 0x00000254512d6000, 0x00000254512d5000, 0x00000254512d3800,
0x00000254512d7000, 0x00000254512d3000, 0x00000254512df000, 0x00000254512de000,
0x00000254512d9800, 0x00000254512dc000, 0x00000254512dc800, 0x00000254512da000,
0x00000254512dd800, 0x00000254512e0000, 0x00000254512db000, 0x00000254512e0800,
0x0000025450fe7800, 0x0000025450fe6800, 0x0000025450fea800, 0x0000025450fe5000,
0x0000025450feb800, 0x0000025450fe5800, 0x0000025450fec000, 0x0000025450ff2000,
0x0000025450ff0000, 0x0000025450fee800, 0x0000025450ff2800, 0x0000025450fed000,
0x0000025450fef800, 0x0000025450fee000, 0x0000025450ff1000, 0x0000025450ff3800,
0x000002544faf1000, 0x000002544faee000, 0x000002544faee800, 0x000002544faef800,
0x000002544faf0800, 0x000002544faf2000, 0x000002544faf2800, 0x000002544faed000,
0x000002544faf3800, 0x000002544eeb4800, 0x000002544eeb6000, 0x000002544eeb0800,
0x000002544eeb1000, 0x000002544eeb7000, 0x000002544eeb3800, 0x000002544eeb2000,
0x000002544eeb2800, 0x000002544eeb5000, 0x0000025452bd6800, 0x0000025452bda000,
0x0000025452bd7800, 0x0000025452bda800, 0x0000025452bdb800, 0x0000025452bd5800,
0x0000025452bd9000, 0x0000025452bdc000, 0x0000025452bdd000, 0x0000025452bde000,
0x0000025452bd8000, 0x0000025452bde800, 0x0000025452be3800, 0x0000025452be4800,
0x0000025452be0800, 0x0000025452bdf800, 0x0000025452be3000, 0x0000025452be1000,
0x0000025452be2000, 0x00000254527d9000, 0x00000254527da000, 0x00000254527db000,
0x00000254527dc800, 0x00000254527dd000, 0x00000254527de000, 0x00000254527db800,
0x00000254527d8800, 0x00000254527e0800, 0x00000254527e1800, 0x00000254527e2000,
0x00000254527df800, 0x00000254527e4800, 0x00000254527e3000, 0x00000254527df000,
0x00000254527e3800, 0x00000254527e7000, 0x00000254527e5800, 0x00000254527e6000,
0x00000254545ce000, 0x00000254545c8000, 0x00000254545cf000, 0x00000254545c9000,
0x00000254545cc800, 0x00000254545cf800, 0x00000254545ca000, 0x00000254545cb800,
0x00000254545cd000, 0x00000254545d0800, 0x00000254545ca800, 0x00000254543e8800
}

Java Threads: ( => current thread )
  0x00000254346fd800 JavaThread "main" [_thread_blocked, id=6852, stack(0x00000064e7e00000,0x00000064e7f00000)]
  0x000002544e164000 JavaThread "Reference Handler" daemon [_thread_blocked, id=8244, stack(0x00000064e8500000,0x00000064e8600000)]
  0x000002544e16d000 JavaThread "Finalizer" daemon [_thread_blocked, id=14268, stack(0x00000064e8600000,0x00000064e8700000)]
  0x000002544eaf2800 JavaThread "Signal Dispatcher" daemon [_thread_blocked, id=13156, stack(0x00000064e8700000,0x00000064e8800000)]
  0x000002544e176800 JavaThread "Attach Listener" daemon [_thread_blocked, id=11740, stack(0x00000064e8800000,0x00000064e8900000)]
  0x000002544e179000 JavaThread "C2 CompilerThread0" daemon [_thread_blocked, id=14232, stack(0x00000064e8900000,0x00000064e8a00000)]
  0x000002544e18b800 JavaThread "C1 CompilerThread0" daemon [_thread_blocked, id=11328, stack(0x00000064e8a00000,0x00000064e8b00000)]
  0x000002544e191000 JavaThread "Sweeper thread" daemon [_thread_blocked, id=364, stack(0x00000064e8b00000,0x00000064e8c00000)]
  0x000002544ec45800 JavaThread "Common-Cleaner" daemon [_thread_blocked, id=428, stack(0x00000064e8c00000,0x00000064e8d00000)]
  0x000002544ec66800 JavaThread "Service Thread" daemon [_thread_blocked, id=13064, stack(0x00000064e8d00000,0x00000064e8e00000)]
  0x0000025450f17800 JavaThread "Daemon health stats" [_thread_blocked, id=5432, stack(0x00000064e9200000,0x00000064e9300000)]
  0x000002544eeae000 JavaThread "Incoming local TCP Connector on port 52515" [_thread_in_native, id=11960, stack(0x00000064e9400000,0x00000064e9500000)]
  0x0000025450755800 JavaThread "Daemon periodic checks" [_thread_blocked, id=14128, stack(0x00000064e9500000,0x00000064e9600000)]
  0x0000025450d3a800 JavaThread "Daemon" [_thread_blocked, id=13552, stack(0x00000064e9600000,0x00000064e9700000)]
  0x0000025450d3b000 JavaThread "Handler for socket connection from /127.0.0.1:52515 to /127.0.0.1:52516" [_thread_in_native, id=2488, stack(0x00000064e9700000,0x00000064e9800000)]
  0x0000025450627000 JavaThread "Cancel handler" [_thread_blocked, id=6412, stack(0x00000064e9800000,0x00000064e9900000)]
  0x0000025450628000 JavaThread "Daemon worker" [_thread_blocked, id=13716, stack(0x00000064e9900000,0x00000064e9a00000)]
  0x00000254504ad800 JavaThread "Asynchronous log dispatcher for DefaultDaemonConnection: socket connection from /127.0.0.1:52515 to /127.0.0.1:52516" [_thread_blocked, id=9600, stack(0x00000064e9a00000,0x00000064e9b00000)]
  0x00000254504ae000 JavaThread "Stdin handler" [_thread_blocked, id=2988, stack(0x00000064e9b00000,0x00000064e9c00000)]
  0x000002544f953000 JavaThread "Thread-8" [_thread_blocked, id=3952, stack(0x00000064e9c00000,0x00000064e9d00000)]
  0x0000025450994800 JavaThread "Cache worker for file hash cache (C:\Users\Nat\.gradle\caches\6.7.1\fileHashes)" [_thread_blocked, id=9096, stack(0x00000064e9e00000,0x00000064e9f00000)]
  0x0000025450996000 JavaThread "File lock request listener" [_thread_in_native, id=1124, stack(0x00000064e9f00000,0x00000064ea000000)]
  0x0000025450993800 JavaThread "Cache worker for journal cache (C:\Users\Nat\.gradle\caches\journal-1)" [_thread_blocked, id=7964, stack(0x00000064ea000000,0x00000064ea100000)]
  0x0000025450995800 JavaThread "Cache worker for file hash cache (D:\MyWorks\HCI\HCI_Salon-main\.gradle\6.7.1\fileHashes)" [_thread_blocked, id=7396, stack(0x00000064ea200000,0x00000064ea300000)]
  0x0000025450990800 JavaThread "jar transforms" [_thread_blocked, id=10668, stack(0x00000064ea300000,0x00000064ea400000)]
  0x0000025450997000 JavaThread "jar transforms Thread 2" [_thread_blocked, id=8960, stack(0x00000064ea400000,0x00000064ea500000)]
  0x0000025450991800 JavaThread "jar transforms Thread 3" [_thread_blocked, id=11936, stack(0x00000064ea500000,0x00000064ea600000)]
  0x0000025450992000 JavaThread "jar transforms Thread 4" [_thread_blocked, id=3304, stack(0x00000064ea600000,0x00000064ea700000)]
  0x0000025450993000 JavaThread "jar transforms Thread 5" [_thread_blocked, id=584, stack(0x00000064ea700000,0x00000064ea800000)]
  0x00000254512d2000 JavaThread "jar transforms Thread 6" [_thread_blocked, id=9252, stack(0x00000064ea800000,0x00000064ea900000)]
  0x00000254512d4800 JavaThread "jar transforms Thread 7" [_thread_blocked, id=9296, stack(0x00000064ea900000,0x00000064eaa00000)]
  0x00000254512d7800 JavaThread "jar transforms Thread 8" [_thread_blocked, id=6192, stack(0x00000064eaa00000,0x00000064eab00000)]
  0x00000254512d8800 JavaThread "jar transforms Thread 9" [_thread_blocked, id=12660, stack(0x00000064eab00000,0x00000064eac00000)]
  0x00000254512d6000 JavaThread "jar transforms Thread 10" [_thread_blocked, id=12868, stack(0x00000064eac00000,0x00000064ead00000)]
  0x00000254512d5000 JavaThread "jar transforms Thread 11" [_thread_blocked, id=11508, stack(0x00000064ead00000,0x00000064eae00000)]
  0x00000254512d3800 JavaThread "jar transforms Thread 12" [_thread_blocked, id=9996, stack(0x00000064eae00000,0x00000064eaf00000)]
  0x00000254512d7000 JavaThread "jar transforms Thread 13" [_thread_blocked, id=14236, stack(0x00000064eaf00000,0x00000064eb000000)]
  0x00000254512d3000 JavaThread "jar transforms Thread 14" [_thread_blocked, id=11468, stack(0x00000064eb000000,0x00000064eb100000)]
  0x00000254512df000 JavaThread "jar transforms Thread 15" [_thread_blocked, id=10460, stack(0x00000064eb100000,0x00000064eb200000)]
  0x00000254512de000 JavaThread "jar transforms Thread 16" [_thread_blocked, id=10904, stack(0x00000064eb200000,0x00000064eb300000)]
  0x00000254512d9800 JavaThread "jar transforms Thread 17" [_thread_blocked, id=1864, stack(0x00000064eb300000,0x00000064eb400000)]
  0x00000254512dc000 JavaThread "jar transforms Thread 18" [_thread_blocked, id=12068, stack(0x00000064eb400000,0x00000064eb500000)]
  0x00000254512dc800 JavaThread "jar transforms Thread 19" [_thread_blocked, id=13172, stack(0x00000064eb500000,0x00000064eb600000)]
  0x00000254512da000 JavaThread "jar transforms Thread 20" [_thread_blocked, id=14532, stack(0x00000064eb600000,0x00000064eb700000)]
  0x00000254512dd800 JavaThread "jar transforms Thread 21" [_thread_blocked, id=3316, stack(0x00000064eb700000,0x00000064eb800000)]
  0x00000254512e0000 JavaThread "Cache worker for checksums cache (D:\MyWorks\HCI\HCI_Salon-main\.gradle\checksums)" [_thread_blocked, id=12708, stack(0x00000064ea100000,0x00000064ea200000)]
  0x00000254512db000 JavaThread "Cache worker for cache directory md-supplier (C:\Users\Nat\.gradle\caches\6.7.1\md-supplier)" [_thread_blocked, id=3744, stack(0x00000064eb800000,0x00000064eb900000)]
  0x00000254512e0800 JavaThread "Cache worker for cache directory md-rule (C:\Users\Nat\.gradle\caches\6.7.1\md-rule)" [_thread_blocked, id=13620, stack(0x00000064eba00000,0x00000064ebb00000)]
  0x0000025450fe7800 JavaThread "Cache worker for execution history cache (C:\Users\Nat\.gradle\caches\6.7.1\executionHistory)" [_thread_blocked, id=10732, stack(0x00000064ebb00000,0x00000064ebc00000)]
  0x0000025450fe6800 JavaThread "Cache worker for file content cache (C:\Users\Nat\.gradle\caches\6.7.1\fileContent)" [_thread_blocked, id=1548, stack(0x00000064ebc00000,0x00000064ebd00000)]
  0x0000025450fea800 JavaThread "Cache worker for Build Output Cleanup Cache (D:\MyWorks\HCI\HCI_Salon-main\.gradle\buildOutputCleanup)" [_thread_blocked, id=2356, stack(0x00000064ebd00000,0x00000064ebe00000)]
  0x0000025450fe5000 JavaThread "Build operations" [_thread_blocked, id=12788, stack(0x00000064eb900000,0x00000064eba00000)]
  0x0000025450feb800 JavaThread "Build operations Thread 2" [_thread_blocked, id=4392, stack(0x00000064ebe00000,0x00000064ebf00000)]
  0x0000025450fe5800 JavaThread "Build operations Thread 3" [_thread_blocked, id=14556, stack(0x00000064ebf00000,0x00000064ec000000)]
  0x0000025450fec000 JavaThread "Build operations Thread 4" [_thread_blocked, id=14976, stack(0x00000064ec000000,0x00000064ec100000)]
  0x0000025450ff2000 JavaThread "jar transforms Thread 22" [_thread_blocked, id=14868, stack(0x00000064ec100000,0x00000064ec200000)]
  0x0000025450ff0000 JavaThread "jar transforms Thread 23" [_thread_blocked, id=12236, stack(0x00000064ec200000,0x00000064ec300000)]
  0x0000025450fee800 JavaThread "jar transforms Thread 24" [_thread_blocked, id=14676, stack(0x00000064ec300000,0x00000064ec400000)]
  0x0000025450ff2800 JavaThread "jar transforms Thread 25" [_thread_blocked, id=7704, stack(0x00000064ec400000,0x00000064ec500000)]
  0x0000025450fed000 JavaThread "jar transforms Thread 26" [_thread_blocked, id=13164, stack(0x00000064ec500000,0x00000064ec600000)]
  0x0000025450fef800 JavaThread "jar transforms Thread 27" [_thread_blocked, id=1600, stack(0x00000064ec600000,0x00000064ec700000)]
  0x0000025450fee000 JavaThread "jar transforms Thread 28" [_thread_blocked, id=12816, stack(0x00000064ec700000,0x00000064ec800000)]
  0x0000025450ff1000 JavaThread "jar transforms Thread 29" [_thread_blocked, id=12844, stack(0x00000064ec800000,0x00000064ec900000)]
  0x0000025450ff3800 JavaThread "jar transforms Thread 30" [_thread_blocked, id=11824, stack(0x00000064ec900000,0x00000064eca00000)]
  0x000002544faf1000 JavaThread "jar transforms Thread 31" [_thread_blocked, id=7100, stack(0x00000064eca00000,0x00000064ecb00000)]
  0x000002544faee000 JavaThread "jar transforms Thread 32" [_thread_blocked, id=13284, stack(0x00000064ecb00000,0x00000064ecc00000)]
  0x000002544faee800 JavaThread "jar transforms Thread 33" [_thread_blocked, id=14908, stack(0x00000064ecc00000,0x00000064ecd00000)]
  0x000002544faef800 JavaThread "jar transforms Thread 34" [_thread_blocked, id=504, stack(0x00000064ecd00000,0x00000064ece00000)]
  0x000002544faf0800 JavaThread "jar transforms Thread 35" [_thread_blocked, id=6236, stack(0x00000064ece00000,0x00000064ecf00000)]
  0x000002544faf2000 JavaThread "jar transforms Thread 36" [_thread_blocked, id=14180, stack(0x00000064ecf00000,0x00000064ed000000)]
  0x000002544faf2800 JavaThread "jar transforms Thread 37" [_thread_blocked, id=13040, stack(0x00000064ed000000,0x00000064ed100000)]
  0x000002544faed000 JavaThread "jar transforms Thread 38" [_thread_blocked, id=14636, stack(0x00000064ed100000,0x00000064ed200000)]
  0x000002544faf3800 JavaThread "jar transforms Thread 39" [_thread_blocked, id=3060, stack(0x00000064ed200000,0x00000064ed300000)]
  0x000002544eeb4800 JavaThread "jar transforms Thread 40" [_thread_blocked, id=14316, stack(0x00000064ed300000,0x00000064ed400000)]
  0x000002544eeb6000 JavaThread "jar transforms Thread 41" [_thread_blocked, id=688, stack(0x00000064ed400000,0x00000064ed500000)]
  0x000002544eeb0800 JavaThread "jar transforms Thread 42" [_thread_blocked, id=11016, stack(0x00000064ed500000,0x00000064ed600000)]
  0x000002544eeb1000 JavaThread "jar transforms Thread 43" [_thread_blocked, id=10448, stack(0x00000064ed600000,0x00000064ed700000)]
  0x000002544eeb7000 JavaThread "jar transforms Thread 44" [_thread_blocked, id=3436, stack(0x00000064ed700000,0x00000064ed800000)]
  0x000002544eeb3800 JavaThread "jar transforms Thread 45" [_thread_blocked, id=12544, stack(0x00000064ed800000,0x00000064ed900000)]
  0x000002544eeb2000 JavaThread "jar transforms Thread 46" [_thread_blocked, id=880, stack(0x00000064ed900000,0x00000064eda00000)]
  0x000002544eeb2800 JavaThread "jar transforms Thread 47" [_thread_blocked, id=10872, stack(0x00000064eda00000,0x00000064edb00000)]
  0x000002544eeb5000 JavaThread "jar transforms Thread 48" [_thread_blocked, id=13476, stack(0x00000064edb00000,0x00000064edc00000)]
  0x0000025452bd6800 JavaThread "jar transforms Thread 49" [_thread_blocked, id=13652, stack(0x00000064edc00000,0x00000064edd00000)]
  0x0000025452bda000 JavaThread "jar transforms Thread 50" [_thread_blocked, id=4132, stack(0x00000064edd00000,0x00000064ede00000)]
  0x0000025452bd7800 JavaThread "jar transforms Thread 51" [_thread_blocked, id=5252, stack(0x00000064ede00000,0x00000064edf00000)]
  0x0000025452bda800 JavaThread "jar transforms Thread 52" [_thread_blocked, id=5600, stack(0x00000064edf00000,0x00000064ee000000)]
  0x0000025452bdb800 JavaThread "jar transforms Thread 53" [_thread_blocked, id=10680, stack(0x00000064ee000000,0x00000064ee100000)]
  0x0000025452bd5800 JavaThread "jar transforms Thread 54" [_thread_blocked, id=3548, stack(0x00000064ee100000,0x00000064ee200000)]
  0x0000025452bd9000 JavaThread "jar transforms Thread 55" [_thread_blocked, id=12628, stack(0x00000064ee200000,0x00000064ee300000)]
  0x0000025452bdc000 JavaThread "jar transforms Thread 56" [_thread_blocked, id=5352, stack(0x00000064ee300000,0x00000064ee400000)]
  0x0000025452bdd000 JavaThread "jar transforms Thread 57" [_thread_blocked, id=12504, stack(0x00000064ee400000,0x00000064ee500000)]
  0x0000025452bde000 JavaThread "jar transforms Thread 58" [_thread_blocked, id=13472, stack(0x00000064ee500000,0x00000064ee600000)]
  0x0000025452bd8000 JavaThread "jar transforms Thread 59" [_thread_blocked, id=10580, stack(0x00000064ee600000,0x00000064ee700000)]
  0x0000025452bde800 JavaThread "jar transforms Thread 60" [_thread_blocked, id=13568, stack(0x00000064ee700000,0x00000064ee800000)]
  0x0000025452be3800 JavaThread "jar transforms Thread 61" [_thread_blocked, id=7816, stack(0x00000064ee800000,0x00000064ee900000)]
  0x0000025452be4800 JavaThread "jar transforms Thread 62" [_thread_blocked, id=13528, stack(0x00000064ee900000,0x00000064eea00000)]
  0x0000025452be0800 JavaThread "jar transforms Thread 63" [_thread_blocked, id=472, stack(0x00000064eea00000,0x00000064eeb00000)]
  0x0000025452bdf800 JavaThread "jar transforms Thread 64" [_thread_blocked, id=8508, stack(0x00000064eeb00000,0x00000064eec00000)]
  0x0000025452be3000 JavaThread "jar transforms Thread 65" [_thread_blocked, id=7892, stack(0x00000064eec00000,0x00000064eed00000)]
  0x0000025452be1000 JavaThread "jar transforms Thread 66" [_thread_blocked, id=744, stack(0x00000064eed00000,0x00000064eee00000)]
  0x0000025452be2000 JavaThread "jar transforms Thread 67" [_thread_blocked, id=9332, stack(0x00000064eee00000,0x00000064eef00000)]
  0x00000254527d9000 JavaThread "jar transforms Thread 68" [_thread_blocked, id=10784, stack(0x00000064eef00000,0x00000064ef000000)]
  0x00000254527da000 JavaThread "jar transforms Thread 69" [_thread_blocked, id=2060, stack(0x00000064ef000000,0x00000064ef100000)]
  0x00000254527db000 JavaThread "jar transforms Thread 70" [_thread_blocked, id=10308, stack(0x00000064ef100000,0x00000064ef200000)]
  0x00000254527dc800 JavaThread "jar transforms Thread 71" [_thread_blocked, id=7968, stack(0x00000064ef200000,0x00000064ef300000)]
  0x00000254527dd000 JavaThread "jar transforms Thread 72" [_thread_blocked, id=8208, stack(0x00000064ef300000,0x00000064ef400000)]
  0x00000254527de000 JavaThread "jar transforms Thread 73" [_thread_blocked, id=10744, stack(0x00000064ef400000,0x00000064ef500000)]
  0x00000254527db800 JavaThread "jar transforms Thread 74" [_thread_blocked, id=15036, stack(0x00000064ef500000,0x00000064ef600000)]
  0x00000254527d8800 JavaThread "jar transforms Thread 75" [_thread_blocked, id=12512, stack(0x00000064ef600000,0x00000064ef700000)]
  0x00000254527e0800 JavaThread "jar transforms Thread 76" [_thread_blocked, id=13012, stack(0x00000064ef700000,0x00000064ef800000)]
  0x00000254527e1800 JavaThread "jar transforms Thread 77" [_thread_blocked, id=14204, stack(0x00000064ef800000,0x00000064ef900000)]
  0x00000254527e2000 JavaThread "jar transforms Thread 78" [_thread_blocked, id=8772, stack(0x00000064ef900000,0x00000064efa00000)]
  0x00000254527df800 JavaThread "jar transforms Thread 79" [_thread_blocked, id=9056, stack(0x00000064efa00000,0x00000064efb00000)]
  0x00000254527e4800 JavaThread "jar transforms Thread 80" [_thread_blocked, id=10388, stack(0x00000064efb00000,0x00000064efc00000)]
  0x00000254527e3000 JavaThread "jar transforms Thread 81" [_thread_blocked, id=12600, stack(0x00000064efc00000,0x00000064efd00000)]
  0x00000254527df000 JavaThread "jar transforms Thread 82" [_thread_blocked, id=6428, stack(0x00000064efd00000,0x00000064efe00000)]
  0x00000254527e3800 JavaThread "jar transforms Thread 83" [_thread_blocked, id=2324, stack(0x00000064efe00000,0x00000064eff00000)]
  0x00000254527e7000 JavaThread "jar transforms Thread 84" [_thread_blocked, id=12584, stack(0x00000064eff00000,0x00000064f0000000)]
  0x00000254527e5800 JavaThread "jar transforms Thread 85" [_thread_blocked, id=1472, stack(0x00000064f0000000,0x00000064f0100000)]
  0x00000254527e6000 JavaThread "jar transforms Thread 86" [_thread_blocked, id=12104, stack(0x00000064f0100000,0x00000064f0200000)]
  0x00000254545ce000 JavaThread "jar transforms Thread 87" [_thread_blocked, id=14944, stack(0x00000064f0200000,0x00000064f0300000)]
  0x00000254545c8000 JavaThread "jar transforms Thread 88" [_thread_blocked, id=9860, stack(0x00000064f0300000,0x00000064f0400000)]
  0x00000254545cf000 JavaThread "jar transforms Thread 89" [_thread_blocked, id=10208, stack(0x00000064f0400000,0x00000064f0500000)]
  0x00000254545c9000 JavaThread "jar transforms Thread 90" [_thread_blocked, id=9668, stack(0x00000064f0500000,0x00000064f0600000)]
  0x00000254545cc800 JavaThread "jar transforms Thread 91" [_thread_blocked, id=9464, stack(0x00000064f0600000,0x00000064f0700000)]
  0x00000254545cf800 JavaThread "jar transforms Thread 92" [_thread_blocked, id=13260, stack(0x00000064f0700000,0x00000064f0800000)]
  0x00000254545ca000 JavaThread "jar transforms Thread 93" [_thread_blocked, id=8880, stack(0x00000064f0800000,0x00000064f0900000)]
  0x00000254545cb800 JavaThread "jar transforms Thread 94" [_thread_blocked, id=13520, stack(0x00000064f0900000,0x00000064f0a00000)]
  0x00000254545cd000 JavaThread "jar transforms Thread 95" [_thread_blocked, id=4044, stack(0x00000064f0a00000,0x00000064f0b00000)]
  0x00000254545d0800 JavaThread "jar transforms Thread 96" [_thread_blocked, id=13344, stack(0x00000064f0b00000,0x00000064f0c00000)]
  0x00000254545ca800 JavaThread "jar transforms Thread 97" [_thread_blocked, id=15276, stack(0x00000064f0c00000,0x00000064f0d00000)]
  0x00000254543e8800 JavaThread "C2 CompilerThread1" daemon [_thread_blocked, id=15188, stack(0x00000064f0d00000,0x00000064f0e00000)]

Other Threads:
=>0x000002544e15e000 VMThread "VM Thread" [stack: 0x00000064e8400000,0x00000064e8500000] [id=14508]
  0x000002544ec6f800 WatcherThread [stack: 0x00000064e8e00000,0x00000064e8f00000] [id=2432]
  0x0000025434713000 GCTaskThread "GC Thread#0" [stack: 0x00000064e7f00000,0x00000064e8000000] [id=13824]
  0x000002544f08f000 GCTaskThread "GC Thread#1" [stack: 0x00000064e9000000,0x00000064e9100000] [id=2772]
  0x000002544f23d800 GCTaskThread "GC Thread#2" [stack: 0x00000064e9100000,0x00000064e9200000] [id=10800]
  0x00000254515ce000 GCTaskThread "GC Thread#3" [stack: 0x00000064e9d00000,0x00000064e9e00000] [id=13880]
  0x0000025434747800 ConcurrentGCThread "G1 Main Marker" [stack: 0x00000064e8000000,0x00000064e8100000] [id=11340]
  0x0000025434749000 ConcurrentGCThread "G1 Conc#0" [stack: 0x00000064e8100000,0x00000064e8200000] [id=10412]
  0x00000254347dc000 ConcurrentGCThread "G1 Refine#0" [stack: 0x00000064e8200000,0x00000064e8300000] [id=10896]
  0x00000254347dd000 ConcurrentGCThread "G1 Young RemSet Sampling" [stack: 0x00000064e8300000,0x00000064e8400000] [id=14172]

Threads with active compile tasks:
C2 CompilerThread0  21701 5117       4       org.objectweb.asm.ByteVector::putUTF8 (144 bytes)
C2 CompilerThread1  21701 5119       4       org.objectweb.asm.MethodWriter::visitVarInsn (302 bytes)

VM state:at safepoint (normal execution)

VM Mutex/Monitor currently owned by a thread:  ([mutex/lock_event])
[0x00000254346fb080] Threads_lock - owner thread: 0x000002544e15e000
[0x00000254346fb470] Heap_lock - owner thread: 0x0000025450628000

Heap address: 0x0000000080000000, size: 2048 MB, Compressed Oops mode: 32-bit
Narrow klass base: 0x0000000000000000, Narrow klass shift: 3
Compressed class space size: 1073741824 Address: 0x0000000100000000

Heap:
 garbage-first heap   total 189440K, used 61290K [0x0000000080000000, 0x0000000100000000)
  region size 1024K, 10 young (10240K), 10 survivors (10240K)
 Metaspace       used 53311K, capacity 54796K, committed 54912K, reserved 1097728K
  class space    used 6796K, capacity 7251K, committed 7296K, reserved 1048576K
Heap Regions: E=young(eden), S=young(survivor), O=old, HS=humongous(starts), HC=humongous(continues), CS=collection set, F=free, A=archive, TAMS=top-at-mark-start (previous, next)
|   0|0x0000000080000000, 0x0000000080100000, 0x0000000080100000|100%| O|  |TAMS 0x0000000080100000, 0x0000000080000000| Untracked 
|   1|0x0000000080100000, 0x0000000080200000, 0x0000000080200000|100%| O|  |TAMS 0x0000000080200000, 0x0000000080100000| Untracked 
|   2|0x0000000080200000, 0x0000000080300000, 0x0000000080300000|100%| O|  |TAMS 0x0000000080300000, 0x0000000080200000| Untracked 
|   3|0x0000000080300000, 0x0000000080400000, 0x0000000080400000|100%|HS|  |TAMS 0x0000000080400000, 0x0000000080300000| Complete 
|   4|0x0000000080400000, 0x0000000080500000, 0x0000000080500000|100%|HC|  |TAMS 0x0000000080500000, 0x0000000080400000| Complete 
|   5|0x0000000080500000, 0x0000000080600000, 0x0000000080600000|100%|HC|  |TAMS 0x0000000080600000, 0x0000000080500000| Complete 
|   6|0x0000000080600000, 0x0000000080700000, 0x0000000080700000|100%| O|  |TAMS 0x0000000080700000, 0x0000000080600000| Untracked 
|   7|0x0000000080700000, 0x0000000080800000, 0x0000000080800000|100%| O|  |TAMS 0x0000000080800000, 0x0000000080700000| Untracked 
|   8|0x0000000080800000, 0x0000000080900000, 0x0000000080900000|100%| O|  |TAMS 0x0000000080900000, 0x0000000080800000| Untracked 
|   9|0x0000000080900000, 0x0000000080a00000, 0x0000000080a00000|100%| O|  |TAMS 0x0000000080a00000, 0x0000000080900000| Untracked 
|  10|0x0000000080a00000, 0x0000000080b00000, 0x0000000080b00000|100%| O|  |TAMS 0x0000000080b00000, 0x0000000080a00000| Untracked 
|  11|0x0000000080b00000, 0x0000000080c00000, 0x0000000080c00000|100%| O|  |TAMS 0x0000000080c00000, 0x0000000080b00000| Untracked 
|  12|0x0000000080c00000, 0x0000000080d00000, 0x0000000080d00000|100%| O|  |TAMS 0x0000000080d00000, 0x0000000080c00000| Untracked 
|  13|0x0000000080d00000, 0x0000000080e00000, 0x0000000080e00000|100%|HS|  |TAMS 0x0000000080e00000, 0x0000000080d00000| Complete 
|  14|0x0000000080e00000, 0x0000000080f00000, 0x0000000080f00000|100%|HC|  |TAMS 0x0000000080f00000, 0x0000000080e00000| Complete 
|  15|0x0000000080f00000, 0x0000000081000000, 0x0000000081000000|100%|HS|  |TAMS 0x0000000081000000, 0x0000000080f00000| Complete 
|  16|0x0000000081000000, 0x0000000081100000, 0x0000000081100000|100%|HC|  |TAMS 0x0000000081100000, 0x0000000081000000| Complete 
|  17|0x0000000081100000, 0x0000000081200000, 0x0000000081200000|100%|HC|  |TAMS 0x0000000081200000, 0x0000000081100000| Complete 
|  18|0x0000000081200000, 0x0000000081300000, 0x0000000081300000|100%|HS|  |TAMS 0x0000000081300000, 0x0000000081200000| Complete 
|  19|0x0000000081300000, 0x0000000081400000, 0x0000000081400000|100%|HC|  |TAMS 0x0000000081400000, 0x0000000081300000| Complete 
|  20|0x0000000081400000, 0x0000000081500000, 0x0000000081500000|100%|HC|  |TAMS 0x0000000081500000, 0x0000000081400000| Complete 
|  21|0x0000000081500000, 0x0000000081600000, 0x0000000081600000|100%|HC|  |TAMS 0x0000000081600000, 0x0000000081500000| Complete 
|  22|0x0000000081600000, 0x0000000081700000, 0x0000000081700000|100%| O|  |TAMS 0x0000000081700000, 0x0000000081600000| Untracked 
|  23|0x0000000081700000, 0x0000000081800000, 0x0000000081800000|100%| O|  |TAMS 0x0000000081800000, 0x0000000081700000| Untracked 
|  24|0x0000000081800000, 0x0000000081900000, 0x0000000081900000|100%| O|  |TAMS 0x0000000081883000, 0x0000000081800000| Untracked 
|  25|0x0000000081900000, 0x0000000081a00000, 0x0000000081a00000|100%| O|  |TAMS 0x0000000081900000, 0x0000000081900000| Untracked 
|  26|0x0000000081a00000, 0x0000000081b00000, 0x0000000081b00000|100%| O|  |TAMS 0x0000000081a00000, 0x0000000081a00000| Untracked 
|  27|0x0000000081b00000, 0x0000000081c00000, 0x0000000081c00000|100%| O|  |TAMS 0x0000000081b00000, 0x0000000081b00000| Untracked 
|  28|0x0000000081c00000, 0x0000000081d00000, 0x0000000081d00000|100%|HS|  |TAMS 0x0000000081c00000, 0x0000000081c00000| Complete 
|  29|0x0000000081d00000, 0x0000000081e00000, 0x0000000081e00000|100%|HC|  |TAMS 0x0000000081d00000, 0x0000000081d00000| Complete 
|  30|0x0000000081e00000, 0x0000000081f00000, 0x0000000081f00000|100%|HC|  |TAMS 0x0000000081e00000, 0x0000000081e00000| Complete 
|  31|0x0000000081f00000, 0x0000000082000000, 0x0000000082000000|100%|HC|  |TAMS 0x0000000081f00000, 0x0000000081f00000| Complete 
|  32|0x0000000082000000, 0x0000000082100000, 0x0000000082100000|100%|HS|  |TAMS 0x0000000082000000, 0x0000000082000000| Complete 
|  33|0x0000000082100000, 0x0000000082200000, 0x0000000082200000|100%|HC|  |TAMS 0x0000000082100000, 0x0000000082100000| Complete 
|  34|0x0000000082200000, 0x0000000082300000, 0x0000000082300000|100%|HC|  |TAMS 0x0000000082200000, 0x0000000082200000| Complete 
|  35|0x0000000082300000, 0x0000000082400000, 0x0000000082400000|100%| O|  |TAMS 0x0000000082300000, 0x0000000082300000| Untracked 
|  36|0x0000000082400000, 0x0000000082500000, 0x0000000082500000|100%| O|  |TAMS 0x0000000082400000, 0x0000000082400000| Untracked 
|  37|0x0000000082500000, 0x0000000082600000, 0x0000000082600000|100%| O|  |TAMS 0x0000000082500000, 0x0000000082500000| Untracked 
|  38|0x0000000082600000, 0x0000000082700000, 0x0000000082700000|100%| O|  |TAMS 0x0000000082600000, 0x0000000082600000| Untracked 
|  39|0x0000000082700000, 0x0000000082800000, 0x0000000082800000|100%| O|  |TAMS 0x0000000082700000, 0x0000000082700000| Untracked 
|  40|0x0000000082800000, 0x0000000082900000, 0x0000000082900000|100%| O|  |TAMS 0x0000000082800000, 0x0000000082800000| Untracked 
|  41|0x0000000082900000, 0x0000000082a00000, 0x0000000082a00000|100%| O|  |TAMS 0x0000000082900000, 0x0000000082900000| Untracked 
|  42|0x0000000082a00000, 0x0000000082b00000, 0x0000000082b00000|100%| O|  |TAMS 0x0000000082a00000, 0x0000000082a00000| Untracked 
|  43|0x0000000082b00000, 0x0000000082c00000, 0x0000000082c00000|100%| O|  |TAMS 0x0000000082b00000, 0x0000000082b00000| Untracked 
|  44|0x0000000082c00000, 0x0000000082d00000, 0x0000000082d00000|100%| O|  |TAMS 0x0000000082c00000, 0x0000000082c00000| Untracked 
|  45|0x0000000082d00000, 0x0000000082e00000, 0x0000000082e00000|100%| O|  |TAMS 0x0000000082d00000, 0x0000000082d00000| Untracked 
|  46|0x0000000082e00000, 0x0000000082f00000, 0x0000000082f00000|100%|HS|  |TAMS 0x0000000082e00000, 0x0000000082e00000| Complete 
|  47|0x0000000082f00000, 0x0000000083000000, 0x0000000083000000|100%|HS|  |TAMS 0x0000000082f00000, 0x0000000082f00000| Complete 
|  48|0x0000000083000000, 0x0000000083100000, 0x0000000083100000|100%|HC|  |TAMS 0x0000000083000000, 0x0000000083000000| Complete 
|  49|0x0000000083100000, 0x00000000831daa00, 0x0000000083200000| 85%| O|  |TAMS 0x0000000083100000, 0x0000000083100000| Untracked 
|  50|0x0000000083200000, 0x0000000083200000, 0x0000000083300000|  0%| F|  |TAMS 0x0000000083200000, 0x0000000083200000| Untracked 
|  51|0x0000000083300000, 0x0000000083300000, 0x0000000083400000|  0%| F|  |TAMS 0x0000000083300000, 0x0000000083300000| Untracked 
|  52|0x0000000083400000, 0x0000000083400000, 0x0000000083500000|  0%| F|  |TAMS 0x0000000083400000, 0x0000000083400000| Untracked 
|  53|0x0000000083500000, 0x0000000083500000, 0x0000000083600000|  0%| F|  |TAMS 0x0000000083500000, 0x0000000083500000| Untracked 
|  54|0x0000000083600000, 0x0000000083600000, 0x0000000083700000|  0%| F|  |TAMS 0x0000000083600000, 0x0000000083600000| Untracked 
|  55|0x0000000083700000, 0x0000000083700000, 0x0000000083800000|  0%| F|  |TAMS 0x0000000083700000, 0x0000000083700000| Untracked 
|  56|0x0000000083800000, 0x0000000083800000, 0x0000000083900000|  0%| F|  |TAMS 0x0000000083800000, 0x0000000083800000| Untracked 
|  57|0x0000000083900000, 0x0000000083900000, 0x0000000083a00000|  0%| F|  |TAMS 0x0000000083900000, 0x0000000083900000| Untracked 
|  58|0x0000000083a00000, 0x0000000083a00000, 0x0000000083b00000|  0%| F|  |TAMS 0x0000000083a00000, 0x0000000083a00000| Untracked 
|  59|0x0000000083b00000, 0x0000000083b00000, 0x0000000083c00000|  0%| F|  |TAMS 0x0000000083b00000, 0x0000000083b00000| Untracked 
|  60|0x0000000083c00000, 0x0000000083c00000, 0x0000000083d00000|  0%| F|  |TAMS 0x0000000083c00000, 0x0000000083c00000| Untracked 
|  61|0x0000000083d00000, 0x0000000083d00000, 0x0000000083e00000|  0%| F|  |TAMS 0x0000000083d00000, 0x0000000083d00000| Untracked 
|  62|0x0000000083e00000, 0x0000000083e00000, 0x0000000083f00000|  0%| F|  |TAMS 0x0000000083e00000, 0x0000000083e00000| Untracked 
|  63|0x0000000083f00000, 0x0000000083f00000, 0x0000000084000000|  0%| F|  |TAMS 0x0000000083f00000, 0x0000000083f00000| Untracked 
|  64|0x0000000084000000, 0x0000000084000000, 0x0000000084100000|  0%| F|  |TAMS 0x0000000084000000, 0x0000000084000000| Untracked 
|  65|0x0000000084100000, 0x0000000084100000, 0x0000000084200000|  0%| F|  |TAMS 0x0000000084100000, 0x0000000084100000| Untracked 
|  66|0x0000000084200000, 0x0000000084200000, 0x0000000084300000|  0%| F|  |TAMS 0x0000000084200000, 0x0000000084200000| Untracked 
|  67|0x0000000084300000, 0x0000000084300000, 0x0000000084400000|  0%| F|  |TAMS 0x0000000084300000, 0x0000000084300000| Untracked 
|  68|0x0000000084400000, 0x0000000084400000, 0x0000000084500000|  0%| F|  |TAMS 0x0000000084400000, 0x0000000084400000| Untracked 
|  69|0x0000000084500000, 0x0000000084500000, 0x0000000084600000|  0%| F|  |TAMS 0x0000000084500000, 0x0000000084500000| Untracked 
|  70|0x0000000084600000, 0x0000000084600000, 0x0000000084700000|  0%| F|  |TAMS 0x0000000084600000, 0x0000000084600000| Untracked 
|  71|0x0000000084700000, 0x0000000084800000, 0x0000000084800000|100%| S|CS|TAMS 0x0000000084700000, 0x0000000084700000| Complete 
|  72|0x0000000084800000, 0x0000000084900000, 0x0000000084900000|100%| S|CS|TAMS 0x0000000084800000, 0x0000000084800000| Complete 
|  73|0x0000000084900000, 0x0000000084a00000, 0x0000000084a00000|100%| S|CS|TAMS 0x0000000084900000, 0x0000000084900000| Complete 
|  74|0x0000000084a00000, 0x0000000084b00000, 0x0000000084b00000|100%| S|CS|TAMS 0x0000000084a00000, 0x0000000084a00000| Complete 
|  75|0x0000000084b00000, 0x0000000084c00000, 0x0000000084c00000|100%| S|CS|TAMS 0x0000000084b00000, 0x0000000084b00000| Complete 
|  76|0x0000000084c00000, 0x0000000084d00000, 0x0000000084d00000|100%| S|CS|TAMS 0x0000000084c00000, 0x0000000084c00000| Complete 
|  77|0x0000000084d00000, 0x0000000084e00000, 0x0000000084e00000|100%| S|CS|TAMS 0x0000000084d00000, 0x0000000084d00000| Complete 
|  78|0x0000000084e00000, 0x0000000084f00000, 0x0000000084f00000|100%| S|CS|TAMS 0x0000000084e00000, 0x0000000084e00000| Complete 
|  79|0x0000000084f00000, 0x0000000085000000, 0x0000000085000000|100%| S|CS|TAMS 0x0000000084f00000, 0x0000000084f00000| Complete 
|  80|0x0000000085000000, 0x0000000085000000, 0x0000000085100000|  0%| F|  |TAMS 0x0000000085000000, 0x0000000085000000| Untracked 
|  81|0x0000000085100000, 0x0000000085100000, 0x0000000085200000|  0%| F|  |TAMS 0x0000000085100000, 0x0000000085100000| Untracked 
|  82|0x0000000085200000, 0x0000000085200000, 0x0000000085300000|  0%| F|  |TAMS 0x0000000085200000, 0x0000000085200000| Untracked 
|  83|0x0000000085300000, 0x0000000085300000, 0x0000000085400000|  0%| F|  |TAMS 0x0000000085300000, 0x0000000085300000| Untracked 
|  84|0x0000000085400000, 0x0000000085400000, 0x0000000085500000|  0%| F|  |TAMS 0x0000000085400000, 0x0000000085400000| Untracked 
|  85|0x0000000085500000, 0x0000000085600000, 0x0000000085600000|100%| S|CS|TAMS 0x0000000085500000, 0x0000000085500000| Complete 
|  86|0x0000000085600000, 0x0000000085600000, 0x0000000085700000|  0%| F|  |TAMS 0x0000000085600000, 0x0000000085600000| Untracked 
|  87|0x0000000085700000, 0x0000000085700000, 0x0000000085800000|  0%| F|  |TAMS 0x0000000085700000, 0x0000000085700000| Untracked 
|  88|0x0000000085800000, 0x0000000085800000, 0x0000000085900000|  0%| F|  |TAMS 0x0000000085800000, 0x0000000085800000| Untracked 
|  89|0x0000000085900000, 0x0000000085900000, 0x0000000085a00000|  0%| F|  |TAMS 0x0000000085900000, 0x0000000085900000| Untracked 
|  90|0x0000000085a00000, 0x0000000085a00000, 0x0000000085b00000|  0%| F|  |TAMS 0x0000000085a00000, 0x0000000085a00000| Untracked 
|  91|0x0000000085b00000, 0x0000000085b00000, 0x0000000085c00000|  0%| F|  |TAMS 0x0000000085b00000, 0x0000000085b00000| Untracked 
|  92|0x0000000085c00000, 0x0000000085c00000, 0x0000000085d00000|  0%| F|  |TAMS 0x0000000085c00000, 0x0000000085c00000| Untracked 
|  93|0x0000000085d00000, 0x0000000085d00000, 0x0000000085e00000|  0%| F|  |TAMS 0x0000000085d00000, 0x0000000085d00000| Untracked 
|  94|0x0000000085e00000, 0x0000000085e00000, 0x0000000085f00000|  0%| F|  |TAMS 0x0000000085e00000, 0x0000000085e00000| Untracked 
|  95|0x0000000085f00000, 0x0000000085f00000, 0x0000000086000000|  0%| F|  |TAMS 0x0000000085f00000, 0x0000000085f00000| Untracked 
|  96|0x0000000086000000, 0x0000000086000000, 0x0000000086100000|  0%| F|  |TAMS 0x0000000086000000, 0x0000000086000000| Untracked 
|  97|0x0000000086100000, 0x0000000086100000, 0x0000000086200000|  0%| F|  |TAMS 0x0000000086100000, 0x0000000086100000| Untracked 
|  98|0x0000000086200000, 0x0000000086200000, 0x0000000086300000|  0%| F|  |TAMS 0x0000000086200000, 0x0000000086200000| Untracked 
|  99|0x0000000086300000, 0x0000000086300000, 0x0000000086400000|  0%| F|  |TAMS 0x0000000086300000, 0x0000000086300000| Untracked 
| 100|0x0000000086400000, 0x0000000086400000, 0x0000000086500000|  0%| F|  |TAMS 0x0000000086400000, 0x0000000086400000| Untracked 
| 101|0x0000000086500000, 0x0000000086500000, 0x0000000086600000|  0%| F|  |TAMS 0x0000000086500000, 0x0000000086500000| Untracked 
| 102|0x0000000086600000, 0x0000000086600000, 0x0000000086700000|  0%| F|  |TAMS 0x0000000086600000, 0x0000000086600000| Untracked 
| 103|0x0000000086700000, 0x0000000086700000, 0x0000000086800000|  0%| F|  |TAMS 0x0000000086700000, 0x0000000086700000| Untracked 
| 104|0x0000000086800000, 0x0000000086800000, 0x0000000086900000|  0%| F|  |TAMS 0x0000000086800000, 0x0000000086800000| Untracked 
| 105|0x0000000086900000, 0x0000000086900000, 0x0000000086a00000|  0%| F|  |TAMS 0x0000000086900000, 0x0000000086900000| Untracked 
| 106|0x0000000086a00000, 0x0000000086a00000, 0x0000000086b00000|  0%| F|  |TAMS 0x0000000086a00000, 0x0000000086a00000| Untracked 
| 107|0x0000000086b00000, 0x0000000086b00000, 0x0000000086c00000|  0%| F|  |TAMS 0x0000000086b00000, 0x0000000086b00000| Untracked 
| 108|0x0000000086c00000, 0x0000000086c00000, 0x0000000086d00000|  0%| F|  |TAMS 0x0000000086c00000, 0x0000000086c00000| Untracked 
| 109|0x0000000086d00000, 0x0000000086d00000, 0x0000000086e00000|  0%| F|  |TAMS 0x0000000086d00000, 0x0000000086d00000| Untracked 
| 110|0x0000000086e00000, 0x0000000086e00000, 0x0000000086f00000|  0%| F|  |TAMS 0x0000000086e00000, 0x0000000086e00000| Untracked 
| 111|0x0000000086f00000, 0x0000000086f00000, 0x0000000087000000|  0%| F|  |TAMS 0x0000000086f00000, 0x0000000086f00000| Untracked 
| 112|0x0000000087000000, 0x0000000087000000, 0x0000000087100000|  0%| F|  |TAMS 0x0000000087000000, 0x0000000087000000| Untracked 
| 113|0x0000000087100000, 0x0000000087100000, 0x0000000087200000|  0%| F|  |TAMS 0x0000000087100000, 0x0000000087100000| Untracked 
| 114|0x0000000087200000, 0x0000000087200000, 0x0000000087300000|  0%| F|  |TAMS 0x0000000087200000, 0x0000000087200000| Untracked 
| 115|0x0000000087300000, 0x0000000087300000, 0x0000000087400000|  0%| F|  |TAMS 0x0000000087300000, 0x0000000087300000| Untracked 
| 116|0x0000000087400000, 0x0000000087400000, 0x0000000087500000|  0%| F|  |TAMS 0x0000000087400000, 0x0000000087400000| Untracked 
| 117|0x0000000087500000, 0x0000000087500000, 0x0000000087600000|  0%| F|  |TAMS 0x0000000087500000, 0x0000000087500000| Untracked 
| 118|0x0000000087600000, 0x0000000087600000, 0x0000000087700000|  0%| F|  |TAMS 0x0000000087600000, 0x0000000087600000| Untracked 
| 119|0x0000000087700000, 0x0000000087700000, 0x0000000087800000|  0%| F|  |TAMS 0x0000000087700000, 0x0000000087700000| Untracked 
| 120|0x0000000087800000, 0x0000000087800000, 0x0000000087900000|  0%| F|  |TAMS 0x0000000087800000, 0x0000000087800000| Untracked 
| 121|0x0000000087900000, 0x0000000087900000, 0x0000000087a00000|  0%| F|  |TAMS 0x0000000087900000, 0x0000000087900000| Untracked 
| 122|0x0000000087a00000, 0x0000000087a00000, 0x0000000087b00000|  0%| F|  |TAMS 0x0000000087a00000, 0x0000000087a00000| Untracked 
| 123|0x0000000087b00000, 0x0000000087b00000, 0x0000000087c00000|  0%| F|  |TAMS 0x0000000087b00000, 0x0000000087b00000| Untracked 
| 124|0x0000000087c00000, 0x0000000087c00000, 0x0000000087d00000|  0%| F|  |TAMS 0x0000000087c00000, 0x0000000087c00000| Untracked 
| 125|0x0000000087d00000, 0x0000000087d00000, 0x0000000087e00000|  0%| F|  |TAMS 0x0000000087d00000, 0x0000000087d00000| Untracked 
| 126|0x0000000087e00000, 0x0000000087e00000, 0x0000000087f00000|  0%| F|  |TAMS 0x0000000087e00000, 0x0000000087e00000| Untracked 
| 127|0x0000000087f00000, 0x0000000087f00000, 0x0000000088000000|  0%| F|  |TAMS 0x0000000087f00000, 0x0000000087f00000| Untracked 
| 128|0x0000000088000000, 0x0000000088000000, 0x0000000088100000|  0%| F|  |TAMS 0x0000000088000000, 0x0000000088000000| Untracked 
| 129|0x0000000088100000, 0x0000000088100000, 0x0000000088200000|  0%| F|  |TAMS 0x0000000088100000, 0x0000000088100000| Untracked 
| 130|0x0000000088200000, 0x0000000088200000, 0x0000000088300000|  0%| F|  |TAMS 0x0000000088200000, 0x0000000088200000| Untracked 
| 131|0x0000000088300000, 0x0000000088300000, 0x0000000088400000|  0%| F|  |TAMS 0x0000000088300000, 0x0000000088300000| Untracked 
| 132|0x0000000088400000, 0x0000000088400000, 0x0000000088500000|  0%| F|  |TAMS 0x0000000088400000, 0x0000000088400000| Untracked 
| 133|0x0000000088500000, 0x0000000088500000, 0x0000000088600000|  0%| F|  |TAMS 0x0000000088500000, 0x0000000088500000| Untracked 
| 134|0x0000000088600000, 0x0000000088600000, 0x0000000088700000|  0%| F|  |TAMS 0x0000000088600000, 0x0000000088600000| Untracked 
| 135|0x0000000088700000, 0x0000000088700000, 0x0000000088800000|  0%| F|  |TAMS 0x0000000088700000, 0x0000000088700000| Untracked 
| 136|0x0000000088800000, 0x0000000088800000, 0x0000000088900000|  0%| F|  |TAMS 0x0000000088800000, 0x0000000088800000| Untracked 
| 137|0x0000000088900000, 0x0000000088900000, 0x0000000088a00000|  0%| F|  |TAMS 0x0000000088900000, 0x0000000088900000| Untracked 
| 138|0x0000000088a00000, 0x0000000088a00000, 0x0000000088b00000|  0%| F|  |TAMS 0x0000000088a00000, 0x0000000088a00000| Untracked 
| 139|0x0000000088b00000, 0x0000000088b00000, 0x0000000088c00000|  0%| F|  |TAMS 0x0000000088b00000, 0x0000000088b00000| Untracked 
| 140|0x0000000088c00000, 0x0000000088c00000, 0x0000000088d00000|  0%| F|  |TAMS 0x0000000088c00000, 0x0000000088c00000| Untracked 
| 141|0x0000000088d00000, 0x0000000088d00000, 0x0000000088e00000|  0%| F|  |TAMS 0x0000000088d00000, 0x0000000088d00000| Untracked 
| 142|0x0000000088e00000, 0x0000000088e00000, 0x0000000088f00000|  0%| F|  |TAMS 0x0000000088e00000, 0x0000000088e00000| Untracked 
| 143|0x0000000088f00000, 0x0000000088f00000, 0x0000000089000000|  0%| F|  |TAMS 0x0000000088f00000, 0x0000000088f00000| Untracked 
| 144|0x0000000089000000, 0x0000000089000000, 0x0000000089100000|  0%| F|  |TAMS 0x0000000089000000, 0x0000000089000000| Untracked 
| 145|0x0000000089100000, 0x0000000089100000, 0x0000000089200000|  0%| F|  |TAMS 0x0000000089100000, 0x0000000089100000| Untracked 
| 146|0x0000000089200000, 0x0000000089200000, 0x0000000089300000|  0%| F|  |TAMS 0x0000000089200000, 0x0000000089200000| Untracked 
| 147|0x0000000089300000, 0x0000000089300000, 0x0000000089400000|  0%| F|  |TAMS 0x0000000089300000, 0x0000000089300000| Untracked 
| 148|0x0000000089400000, 0x0000000089400000, 0x0000000089500000|  0%| F|  |TAMS 0x0000000089400000, 0x0000000089400000| Untracked 
| 149|0x0000000089500000, 0x0000000089500000, 0x0000000089600000|  0%| F|  |TAMS 0x0000000089500000, 0x0000000089500000| Untracked 
| 150|0x0000000089600000, 0x0000000089600000, 0x0000000089700000|  0%| F|  |TAMS 0x0000000089600000, 0x0000000089600000| Untracked 
| 151|0x0000000089700000, 0x0000000089700000, 0x0000000089800000|  0%| F|  |TAMS 0x0000000089700000, 0x0000000089700000| Untracked 
| 152|0x0000000089800000, 0x0000000089800000, 0x0000000089900000|  0%| F|  |TAMS 0x0000000089800000, 0x0000000089800000| Untracked 
| 153|0x0000000089900000, 0x0000000089900000, 0x0000000089a00000|  0%| F|  |TAMS 0x0000000089900000, 0x0000000089900000| Untracked 

Card table byte_map: [0x0000025447480000,0x0000025447880000] _byte_map_base: 0x0000025447080000

Marking Bits (Prev, Next): (CMBitMap*) 0x000002543473e958, (CMBitMap*) 0x000002543473e990
 Prev Bits: [0x0000025447c80000, 0x0000025449c80000)
 Next Bits: [0x0000025449c80000, 0x000002544bc80000)

Polling page: 0x0000025432680000

Metaspace:

Usage:
  Non-class:     46.43 MB capacity,    45.42 MB ( 98%) used,   912.45 KB (  2%) free+waste,   118.00 KB ( <1%) overhead. 
      Class:      7.08 MB capacity,     6.64 MB ( 94%) used,   397.59 KB (  5%) free+waste,    56.69 KB ( <1%) overhead. 
       Both:     53.51 MB capacity,    52.06 MB ( 97%) used,     1.28 MB (  2%) free+waste,   174.69 KB ( <1%) overhead. 

Virtual space:
  Non-class space:       48.00 MB reserved,      46.50 MB ( 97%) committed 
      Class space:        1.00 GB reserved,       7.13 MB ( <1%) committed 
             Both:        1.05 GB reserved,      53.63 MB (  5%) committed 

Chunk freelists:
   Non-Class:  7.00 KB
       Class:  13.00 KB
        Both:  20.00 KB

MaxMetaspaceSize: 17179869184.00 GB
CompressedClassSpaceSize: 1.00 GB

CodeHeap 'non-profiled nmethods': size=120064Kb used=2779Kb max_used=2779Kb free=117284Kb
 bounds [0x000002543fb40000, 0x000002543fe00000, 0x0000025447080000]
CodeHeap 'profiled nmethods': size=120000Kb used=10338Kb max_used=10338Kb free=109661Kb
 bounds [0x0000025438610000, 0x0000025439030000, 0x000002543fb40000]
CodeHeap 'non-nmethods': size=5696Kb used=2218Kb max_used=2265Kb free=3477Kb
 bounds [0x0000025438080000, 0x00000254382f0000, 0x0000025438610000]
 total_blobs=5671 nmethods=4878 adapters=704
 compilation: enabled
              stopped_count=0, restarted_count=0
 full_count=0

Compilation events (20 events):
Event: 21.653 Thread 0x000002544e18b800 nmethod 5107 0x0000025439027a90 code [0x0000025439027ca0, 0x00000254390284d8]
Event: 21.653 Thread 0x000002544e18b800 5109       3       com.google.common.collect.ImmutableMapEntry::<init> (12 bytes)
Event: 21.653 Thread 0x000002544e18b800 nmethod 5109 0x0000025439028710 code [0x00000254390288e0, 0x0000025439028be8]
Event: 21.653 Thread 0x000002544e18b800 5110       3       com.google.common.collect.ImmutableEntry::<init> (15 bytes)
Event: 21.653 Thread 0x00000254543e8800 nmethod 5114 0x000002543fdf6490 code [0x000002543fdf6620, 0x000002543fdf66b8]
Event: 21.653 Thread 0x000002544e18b800 nmethod 5110 0x0000025439028d10 code [0x0000025439028ee0, 0x0000025439029158]
Event: 21.653 Thread 0x000002544e18b800 5111       3       com.google.common.collect.AbstractMapEntry::<init> (5 bytes)
Event: 21.653 Thread 0x000002544e18b800 nmethod 5111 0x0000025439029290 code [0x0000025439029440, 0x0000025439029598]
Event: 21.653 Thread 0x000002544e18b800 5106       3       com.google.common.primitives.Ints::compare (20 bytes)
Event: 21.653 Thread 0x000002544e18b800 nmethod 5106 0x0000025439029690 code [0x0000025439029840, 0x00000254390299d8]
Event: 21.655 Thread 0x000002544e18b800 5115       3       sun.reflect.annotation.AnnotationParser::skipMemberValue (11 bytes)
Event: 21.655 Thread 0x000002544e18b800 nmethod 5115 0x0000025439029a90 code [0x0000025439029c60, 0x0000025439029e38]
Event: 21.656 Thread 0x000002544e18b800 5116       3       java.lang.reflect.Method::hashCode (19 bytes)
Event: 21.656 Thread 0x000002544e18b800 nmethod 5116 0x0000025439029f10 code [0x000002543902a100, 0x000002543902a3a8]
Event: 21.656 Thread 0x000002544e179000 5117       4       org.objectweb.asm.ByteVector::putUTF8 (144 bytes)
Event: 21.657 Thread 0x00000254543e8800 5118       4       org.objectweb.asm.ByteVector::put122 (93 bytes)
Event: 21.657 Thread 0x000002544e18b800 5120   !   3       java.lang.reflect.Field::declaredAnnotations (82 bytes)
Event: 21.658 Thread 0x000002544e18b800 nmethod 5120 0x000002543902a510 code [0x000002543902a720, 0x000002543902acc8]
Event: 21.659 Thread 0x00000254543e8800 nmethod 5118 0x000002543fdf6790 code [0x000002543fdf6940, 0x000002543fdf6b08]
Event: 21.659 Thread 0x00000254543e8800 5119       4       org.objectweb.asm.MethodWriter::visitVarInsn (302 bytes)

GC Heap History (19 events):
Event: 0.577 GC heap before
{Heap before GC invocations=0 (full 0):
 garbage-first heap   total 131072K, used 19456K [0x0000000080000000, 0x0000000100000000)
  region size 1024K, 14 young (14336K), 0 survivors (0K)
 Metaspace       used 7466K, capacity 7615K, committed 7680K, reserved 1056768K
  class space    used 687K, capacity 748K, committed 768K, reserved 1048576K
}
Event: 0.581 GC heap after
{Heap after GC invocations=1 (full 0):
 garbage-first heap   total 131072K, used 7641K [0x0000000080000000, 0x0000000100000000)
  region size 1024K, 2 young (2048K), 2 survivors (2048K)
 Metaspace       used 7466K, capacity 7615K, committed 7680K, reserved 1056768K
  class space    used 687K, capacity 748K, committed 768K, reserved 1048576K
}
Event: 0.930 GC heap before
{Heap before GC invocations=1 (full 0):
 garbage-first heap   total 131072K, used 18905K [0x0000000080000000, 0x0000000100000000)
  region size 1024K, 13 young (13312K), 2 survivors (2048K)
 Metaspace       used 10438K, capacity 10644K, committed 11008K, reserved 1058816K
  class space    used 1100K, capacity 1164K, committed 1280K, reserved 1048576K
}
Event: 0.933 GC heap after
{Heap after GC invocations=2 (full 0):
 garbage-first heap   total 131072K, used 8636K [0x0000000080000000, 0x0000000100000000)
  region size 1024K, 1 young (1024K), 1 survivors (1024K)
 Metaspace       used 10438K, capacity 10644K, committed 11008K, reserved 1058816K
  class space    used 1100K, capacity 1164K, committed 1280K, reserved 1048576K
}
Event: 1.274 GC heap before
{Heap before GC invocations=2 (full 0):
 garbage-first heap   total 131072K, used 36284K [0x0000000080000000, 0x0000000100000000)
  region size 1024K, 28 young (28672K), 1 survivors (1024K)
 Metaspace       used 10622K, capacity 10773K, committed 11008K, reserved 1058816K
  class space    used 1101K, capacity 1164K, committed 1280K, reserved 1048576K
}
Event: 1.278 GC heap after
{Heap after GC invocations=3 (full 0):
 garbage-first heap   total 131072K, used 12421K [0x0000000080000000, 0x0000000100000000)
  region size 1024K, 4 young (4096K), 4 survivors (4096K)
 Metaspace       used 10622K, capacity 10773K, committed 11008K, reserved 1058816K
  class space    used 1101K, capacity 1164K, committed 1280K, reserved 1048576K
}
Event: 2.662 GC heap before
{Heap before GC invocations=3 (full 0):
 garbage-first heap   total 131072K, used 52357K [0x0000000080000000, 0x0000000100000000)
  region size 1024K, 43 young (44032K), 4 survivors (4096K)
 Metaspace       used 18393K, capacity 18757K, committed 19072K, reserved 1067008K
  class space    used 2202K, capacity 2337K, committed 2432K, reserved 1048576K
}
Event: 2.672 GC heap after
{Heap after GC invocations=4 (full 0):
 garbage-first heap   total 131072K, used 16007K [0x0000000080000000, 0x0000000100000000)
  region size 1024K, 4 young (4096K), 4 survivors (4096K)
 Metaspace       used 18393K, capacity 18757K, committed 19072K, reserved 1067008K
  class space    used 2202K, capacity 2337K, committed 2432K, reserved 1048576K
}
Event: 2.927 GC heap before
{Heap before GC invocations=4 (full 0):
 garbage-first heap   total 131072K, used 31367K [0x0000000080000000, 0x0000000100000000)
  region size 1024K, 20 young (20480K), 4 survivors (4096K)
 Metaspace       used 20607K, capacity 21108K, committed 21248K, reserved 1067008K
  class space    used 2529K, capacity 2721K, committed 2816K, reserved 1048576K
}
Event: 2.934 GC heap after
{Heap after GC invocations=5 (full 0):
 garbage-first heap   total 131072K, used 16675K [0x0000000080000000, 0x0000000100000000)
  region size 1024K, 4 young (4096K), 4 survivors (4096K)
 Metaspace       used 20607K, capacity 21108K, committed 21248K, reserved 1067008K
  class space    used 2529K, capacity 2721K, committed 2816K, reserved 1048576K
}
Event: 4.262 GC heap before
{Heap before GC invocations=6 (full 0):
 garbage-first heap   total 131072K, used 78115K [0x0000000080000000, 0x0000000100000000)
  region size 1024K, 56 young (57344K), 4 survivors (4096K)
 Metaspace       used 26097K, capacity 26868K, committed 27008K, reserved 1073152K
  class space    used 3404K, capacity 3649K, committed 3712K, reserved 1048576K
}
Event: 4.274 GC heap after
{Heap after GC invocations=7 (full 0):
 garbage-first heap   total 157696K, used 29864K [0x0000000080000000, 0x0000000100000000)
  region size 1024K, 7 young (7168K), 7 survivors (7168K)
 Metaspace       used 26097K, capacity 26868K, committed 27008K, reserved 1073152K
  class space    used 3404K, capacity 3649K, committed 3712K, reserved 1048576K
}
Event: 5.547 GC heap before
{Heap before GC invocations=7 (full 0):
 garbage-first heap   total 157696K, used 81064K [0x0000000080000000, 0x0000000100000000)
  region size 1024K, 59 young (60416K), 7 survivors (7168K)
 Metaspace       used 35059K, capacity 35803K, committed 35840K, reserved 1081344K
  class space    used 4550K, capacity 4830K, committed 4864K, reserved 1048576K
}
Event: 5.559 GC heap after
{Heap after GC invocations=8 (full 0):
 garbage-first heap   total 157696K, used 33781K [0x0000000080000000, 0x0000000100000000)
  region size 1024K, 9 young (9216K), 9 survivors (9216K)
 Metaspace       used 35059K, capacity 35803K, committed 35840K, reserved 1081344K
  class space    used 4550K, capacity 4830K, committed 4864K, reserved 1048576K
}
Event: 7.348 GC heap before
{Heap before GC invocations=9 (full 0):
 garbage-first heap   total 157696K, used 112629K [0x0000000080000000, 0x0000000100000000)
  region size 1024K, 76 young (77824K), 9 survivors (9216K)
 Metaspace       used 42063K, capacity 43135K, committed 43392K, reserved 1087488K
  class space    used 5301K, capacity 5671K, committed 5760K, reserved 1048576K
}
Event: 7.364 GC heap after
{Heap after GC invocations=10 (full 0):
 garbage-first heap   total 157696K, used 46757K [0x0000000080000000, 0x0000000100000000)
  region size 1024K, 10 young (10240K), 10 survivors (10240K)
 Metaspace       used 42063K, capacity 43135K, committed 43392K, reserved 1087488K
  class space    used 5301K, capacity 5671K, committed 5760K, reserved 1048576K
}
Event: 9.670 GC heap before
{Heap before GC invocations=10 (full 0):
 garbage-first heap   total 157696K, used 117413K [0x0000000080000000, 0x0000000100000000)
  region size 1024K, 79 young (80896K), 10 survivors (10240K)
 Metaspace       used 46685K, capacity 47959K, committed 48128K, reserved 1091584K
  class space    used 5985K, capacity 6399K, committed 6400K, reserved 1048576K
}
Event: 9.688 GC heap after
{Heap after GC invocations=11 (full 0):
 garbage-first heap   total 157696K, used 51250K [0x0000000080000000, 0x0000000100000000)
  region size 1024K, 5 young (5120K), 5 survivors (5120K)
 Metaspace       used 46685K, capacity 47959K, committed 48128K, reserved 1091584K
  class space    used 5985K, capacity 6399K, committed 6400K, reserved 1048576K
}
Event: 21.660 GC heap before
{Heap before GC invocations=11 (full 0):
 garbage-first heap   total 157696K, used 122930K [0x0000000080000000, 0x0000000100000000)
  region size 1024K, 73 young (74752K), 5 survivors (5120K)
 Metaspace       used 53311K, capacity 54796K, committed 54912K, reserved 1097728K
  class space    used 6796K, capacity 7251K, committed 7296K, reserved 1048576K
}

Deoptimization events (20 events):
Event: 21.588 Thread 0x0000025450628000 DEOPT PACKING pc=0x000002543888ca17 sp=0x00000064e99f6ca0
Event: 21.588 Thread 0x0000025450628000 DEOPT UNPACKING pc=0x00000254380a72ce sp=0x00000064e99f6228 mode 0
Event: 21.592 Thread 0x0000025450628000 DEOPT PACKING pc=0x000002543888ca17 sp=0x00000064e99f6df0
Event: 21.592 Thread 0x0000025450628000 DEOPT UNPACKING pc=0x00000254380a72ce sp=0x00000064e99f6378 mode 0
Event: 21.595 Thread 0x0000025450628000 DEOPT PACKING pc=0x000002543888ca17 sp=0x00000064e99f6c90
Event: 21.595 Thread 0x0000025450628000 DEOPT UNPACKING pc=0x00000254380a72ce sp=0x00000064e99f6218 mode 0
Event: 21.599 Thread 0x0000025450628000 DEOPT PACKING pc=0x000002543888ca17 sp=0x00000064e99f6c90
Event: 21.599 Thread 0x0000025450628000 DEOPT UNPACKING pc=0x00000254380a72ce sp=0x00000064e99f6218 mode 0
Event: 21.601 Thread 0x0000025450628000 DEOPT PACKING pc=0x000002543888ca17 sp=0x00000064e99f6c90
Event: 21.601 Thread 0x0000025450628000 DEOPT UNPACKING pc=0x00000254380a72ce sp=0x00000064e99f6218 mode 0
Event: 21.603 Thread 0x0000025450628000 DEOPT PACKING pc=0x000002543888ca17 sp=0x00000064e99f6ba0
Event: 21.603 Thread 0x0000025450628000 DEOPT UNPACKING pc=0x00000254380a72ce sp=0x00000064e99f6128 mode 0
Event: 21.605 Thread 0x0000025450628000 DEOPT PACKING pc=0x000002543888ca17 sp=0x00000064e99f6ba0
Event: 21.605 Thread 0x0000025450628000 DEOPT UNPACKING pc=0x00000254380a72ce sp=0x00000064e99f6128 mode 0
Event: 21.611 Thread 0x0000025450628000 DEOPT PACKING pc=0x000002543888ca17 sp=0x00000064e99f6df0
Event: 21.611 Thread 0x0000025450628000 DEOPT UNPACKING pc=0x00000254380a72ce sp=0x00000064e99f6378 mode 0
Event: 21.613 Thread 0x0000025450628000 DEOPT PACKING pc=0x000002543888ca17 sp=0x00000064e99f6ba0
Event: 21.613 Thread 0x0000025450628000 DEOPT UNPACKING pc=0x00000254380a72ce sp=0x00000064e99f6128 mode 0
Event: 21.614 Thread 0x0000025450628000 DEOPT PACKING pc=0x000002543888ca17 sp=0x00000064e99f6ca0
Event: 21.614 Thread 0x0000025450628000 DEOPT UNPACKING pc=0x00000254380a72ce sp=0x00000064e99f6228 mode 0

Classes redefined (0 events):
No events

Internal exceptions (20 events):
Event: 20.890 Thread 0x0000025450628000 Exception <a 'java/lang/ClassNotFoundException'{0x00000000883847e8}: org/gradle/api/tasks/Delete_DecoratedBeanInfo> (0x00000000883847e8) thrown at [./src/hotspot/share/classfile/systemDictionary.cpp, line 231]
Event: 20.890 Thread 0x0000025450628000 Exception <a 'java/lang/ClassNotFoundException'{0x00000000883a7418}: org/gradle/api/tasks/DeleteBeanInfo> (0x00000000883a7418) thrown at [./src/hotspot/share/classfile/systemDictionary.cpp, line 231]
Event: 20.891 Thread 0x0000025450628000 Exception <a 'java/lang/ClassNotFoundException'{0x00000000883cc338}: org/gradle/api/internal/ConventionTaskBeanInfo> (0x00000000883cc338) thrown at [./src/hotspot/share/classfile/systemDictionary.cpp, line 231]
Event: 20.892 Thread 0x0000025450628000 Exception <a 'java/lang/ClassNotFoundException'{0x00000000883eead8}: org/gradle/api/DefaultTaskBeanInfo> (0x00000000883eead8) thrown at [./src/hotspot/share/classfile/systemDictionary.cpp, line 231]
Event: 20.892 Thread 0x0000025450628000 Exception <a 'java/lang/ClassNotFoundException'{0x0000000088214c28}: org/gradle/api/internal/AbstractTaskBeanInfo> (0x0000000088214c28) thrown at [./src/hotspot/share/classfile/systemDictionary.cpp, line 231]
Event: 20.893 Thread 0x0000025450628000 Exception <a 'java/lang/ClassNotFoundException'{0x000000008823a5c0}: org/gradle/api/internal/AbstractTaskCustomizer> (0x000000008823a5c0) thrown at [./src/hotspot/share/classfile/systemDictionary.cpp, line 231]
Event: 20.896 Thread 0x0000025450628000 Exception <a 'java/lang/ClassNotFoundException'{0x000000008829f658}: org/gradle/api/DefaultTaskCustomizer> (0x000000008829f658) thrown at [./src/hotspot/share/classfile/systemDictionary.cpp, line 231]
Event: 20.900 Thread 0x0000025450628000 Exception <a 'java/lang/ClassNotFoundException'{0x0000000088119af0}: org/gradle/api/internal/ConventionTaskCustomizer> (0x0000000088119af0) thrown at [./src/hotspot/share/classfile/systemDictionary.cpp, line 231]
Event: 20.901 Thread 0x0000025450628000 Exception <a 'java/lang/ClassNotFoundException'{0x000000008814b448}: org/gradle/api/tasks/DeleteCustomizer> (0x000000008814b448) thrown at [./src/hotspot/share/classfile/systemDictionary.cpp, line 231]
Event: 20.902 Thread 0x0000025450628000 Exception <a 'java/lang/ClassNotFoundException'{0x00000000881836f8}: org/gradle/api/tasks/Delete_DecoratedCustomizer> (0x00000000881836f8) thrown at [./src/hotspot/share/classfile/systemDictionary.cpp, line 231]
Event: 20.968 Thread 0x0000025450628000 Exception <a 'java/lang/ClassNotFoundException'{0x00000000880c8838}: build_811lhow4rn47u9d1qsb0d7zy9BeanInfo> (0x00000000880c8838) thrown at [./src/hotspot/share/classfile/systemDictionary.cpp, line 231]
Event: 20.968 Thread 0x0000025450628000 Exception <a 'java/lang/ClassNotFoundException'{0x00000000880d1640}: build_811lhow4rn47u9d1qsb0d7zy9Customizer> (0x00000000880d1640) thrown at [./src/hotspot/share/classfile/systemDictionary.cpp, line 231]
Event: 20.976 Thread 0x0000025450628000 Exception <a 'java/lang/ClassNotFoundException'{0x0000000087f45150}: org/gradle/plugin/use/internal/PluginRequestCollector$PluginDependenciesSpecImplBeanInfo> (0x0000000087f45150) thrown at [./src/hotspot/share/classfile/systemDictionary.cpp, line 231]
Event: 20.977 Thread 0x0000025450628000 Exception <a 'java/lang/ClassNotFoundException'{0x0000000087f6aec0}: org/gradle/plugin/use/internal/PluginRequestCollector$PluginDependenciesSpecImplCustomizer> (0x0000000087f6aec0) thrown at [./src/hotspot/share/classfile/systemDictionary.cpp, line 231]
Event: 20.984 Thread 0x0000025450628000 Exception <a 'java/lang/NoSuchMethodError'{0x0000000087fdec60}: 'void java.lang.invoke.DirectMethodHandle$Holder.invokeInterface(java.lang.Object, java.lang.Object)'> (0x0000000087fdec60) thrown at [./src/hotspot/share/interpreter/linkResolver.cpp, line 773]
Event: 21.150 Thread 0x0000025450628000 Exception <a 'java/lang/NoSuchMethodError'{0x00000000875e41b0}: 'java.lang.Object java.lang.invoke.DirectMethodHandle$Holder.invokeStatic(java.lang.Object, java.lang.Object, java.lang.Object, java.lang.Object, int)'> (0x00000000875e41b0) thrown at [./src/hotspot/share/interpreter/linkResolver.cpp, line 773]
Event: 21.150 Thread 0x0000025450628000 Exception <a 'java/lang/NoSuchMethodError'{0x00000000875e8ba8}: 'java.lang.Object java.lang.invoke.DirectMethodHandle$Holder.invokeSpecial(java.lang.Object, java.lang.Object, java.lang.Object, java.lang.Object, java.lang.Object, int)'> (0x00000000875e8ba8) thrown at [./src/hotspot/share/interpreter/linkResolver.cpp, line 773]
Event: 21.151 Thread 0x0000025450628000 Exception <a 'java/lang/NoSuchMethodError'{0x00000000875ed1e8}: 'java.lang.Object java.lang.invoke.Invokers$Holder.linkToTargetMethod(java.lang.Object, java.lang.Object, java.lang.Object, int, java.lang.Object)'> (0x00000000875ed1e8) thrown at [./src/hotspot/share/interpreter/linkResolver.cpp, line 773]
Event: 21.458 Thread 0x0000025450628000 Exception <a 'java/lang/NoSuchMethodError'{0x0000000086198700}: 'java.lang.Object java.lang.invoke.DirectMethodHandle$Holder.invokeSpecial(java.lang.Object, java.lang.Object, int, int, java.lang.Object, java.lang.Object, java.lang.Object)'> (0x0000000086198700) thrown at [./src/hotspot/share/interpreter/linkResolver.cpp, line 773]
Event: 21.458 Thread 0x0000025450628000 Exception <a 'java/lang/NoSuchMethodError'{0x000000008619cc80}: 'java.lang.Object java.lang.invoke.DelegatingMethodHandle$Holder.reinvoke_L(java.lang.Object, int, int, java.lang.Object, java.lang.Object, java.lang.Object)'> (0x000000008619cc80) thrown at [./src/hotspot/share/interpreter/linkResolver.cpp, line 773]

Events (20 events):
Event: 21.649 loading class com/google/common/collect/Platform done
Event: 21.649 loading class com/google/common/primitives/Ints
Event: 21.649 loading class com/google/common/primitives/Ints done
Event: 21.651 loading class com/google/common/primitives/Ints$IntConverter
Event: 21.651 loading class com/google/common/primitives/Ints$IntConverter done
Event: 21.653 loading class org/gradle/api/artifacts/Dependency
Event: 21.653 loading class org/gradle/api/artifacts/Dependency done
Event: 21.653 loading class org/gradle/internal/typeconversion/MapNotationConverter$ConvertMethod
Event: 21.653 loading class org/gradle/internal/typeconversion/MapNotationConverter$ConvertMethod done
Event: 21.654 loading class org/gradle/internal/typeconversion/MapNotationConverter$ConvertMethodCache
Event: 21.654 loading class org/gradle/internal/typeconversion/MapNotationConverter$ConvertMethodCache done
Event: 21.654 loading class org/gradle/internal/typeconversion/MapKey
Event: 21.654 loading class org/gradle/internal/typeconversion/MapKey done
Event: 21.659 loading class org/gradle/api/internal/artifacts/dependencies/DefaultDependencyArtifact
Event: 21.659 loading class org/gradle/api/internal/artifacts/dependencies/DefaultDependencyArtifact done
Event: 21.660 loading class org/gradle/api/artifacts/ConfigurationContainer
Event: 21.660 loading class org/gradle/api/artifacts/ConfigurationContainer done
Event: 21.660 loading class org/gradle/api/internal/artifacts/configurations/DetachedConfigurationsProvider
Event: 21.660 loading class org/gradle/api/internal/artifacts/configurations/DetachedConfigurationsProvider done
Event: 21.660 Executing VM operation: G1CollectForAllocation


Dynamic libraries:
0x00007ff6ffe40000 - 0x00007ff6ffe4a000 	D:\MyWorks\Android Studio\jre\bin\java.exe
0x00007fffd54b0000 - 0x00007fffd56a5000 	C:\WINDOWS\SYSTEM32\ntdll.dll
0x00007fffd3960000 - 0x00007fffd3a1d000 	C:\WINDOWS\System32\KERNEL32.DLL
0x00007fffd3090000 - 0x00007fffd3358000 	C:\WINDOWS\System32\KERNELBASE.dll
0x00007fffd33f0000 - 0x00007fffd34f0000 	C:\WINDOWS\System32\ucrtbase.dll
0x00007fffca520000 - 0x00007fffca539000 	D:\MyWorks\Android Studio\jre\bin\jli.dll
0x00007fffd4c80000 - 0x00007fffd4e20000 	C:\WINDOWS\System32\USER32.dll
0x00007fffd2ce0000 - 0x00007fffd2d02000 	C:\WINDOWS\System32\win32u.dll
0x00007fffd3fc0000 - 0x00007fffd3fea000 	C:\WINDOWS\System32\GDI32.dll
0x00007fffd2e20000 - 0x00007fffd2f2b000 	C:\WINDOWS\System32\gdi32full.dll
0x00007fffd2c40000 - 0x00007fffd2cdd000 	C:\WINDOWS\System32\msvcp_win.dll
0x00007fffc8f70000 - 0x00007fffc920a000 	C:\WINDOWS\WinSxS\amd64_microsoft.windows.common-controls_6595b64144ccf1df_6.0.19041.1052_none_60b8f8fd71f5e8cb\COMCTL32.dll
0x00007fffd53a0000 - 0x00007fffd543e000 	C:\WINDOWS\System32\msvcrt.dll
0x00007fffca4b0000 - 0x00007fffca4c7000 	D:\MyWorks\Android Studio\jre\bin\VCRUNTIME140.dll
0x00007fffd5440000 - 0x00007fffd5470000 	C:\WINDOWS\System32\IMM32.DLL
0x00007fffb22a0000 - 0x00007fffb233d000 	D:\MyWorks\Android Studio\jre\bin\msvcp140.dll
0x00007fff8b8f0000 - 0x00007fff8c3ac000 	D:\MyWorks\Android Studio\jre\bin\server\jvm.dll
0x00007fffd3d80000 - 0x00007fffd3e2c000 	C:\WINDOWS\System32\ADVAPI32.dll
0x00007fffd40f0000 - 0x00007fffd418b000 	C:\WINDOWS\System32\sechost.dll
0x00007fffd3780000 - 0x00007fffd38ab000 	C:\WINDOWS\System32\RPCRT4.dll
0x00007fffd3950000 - 0x00007fffd3958000 	C:\WINDOWS\System32\PSAPI.DLL
0x00007fffc27e0000 - 0x00007fffc27e9000 	C:\WINDOWS\SYSTEM32\WSOCK32.dll
0x00007fffcca20000 - 0x00007fffcca47000 	C:\WINDOWS\SYSTEM32\WINMM.dll
0x00007fffd1ad0000 - 0x00007fffd1ada000 	C:\WINDOWS\SYSTEM32\VERSION.dll
0x00007fffd4930000 - 0x00007fffd499b000 	C:\WINDOWS\System32\WS2_32.dll
0x00007fffd1a90000 - 0x00007fffd1aa2000 	C:\WINDOWS\SYSTEM32\kernel.appcore.dll
0x00007fffc2ef0000 - 0x00007fffc2f01000 	D:\MyWorks\Android Studio\jre\bin\verify.dll
0x00007fffc2430000 - 0x00007fffc2614000 	C:\WINDOWS\SYSTEM32\DBGHELP.DLL
0x00007fffba840000 - 0x00007fffba86c000 	C:\WINDOWS\SYSTEM32\dbgcore.DLL
0x00007fffd3360000 - 0x00007fffd33e3000 	C:\WINDOWS\System32\bcryptPrimitives.dll
0x00007fffb2250000 - 0x00007fffb2279000 	D:\MyWorks\Android Studio\jre\bin\java.dll
0x00007fffc8060000 - 0x00007fffc806b000 	D:\MyWorks\Android Studio\jre\bin\jimage.dll
0x00007fffc2410000 - 0x00007fffc2428000 	D:\MyWorks\Android Studio\jre\bin\zip.dll
0x00007fffd4190000 - 0x00007fffd48cf000 	C:\WINDOWS\System32\SHELL32.dll
0x00007fffd1300000 - 0x00007fffd1a90000 	C:\WINDOWS\SYSTEM32\windows.storage.dll
0x00007fffd3a20000 - 0x00007fffd3d75000 	C:\WINDOWS\System32\combase.dll
0x00007fffd2660000 - 0x00007fffd268c000 	C:\WINDOWS\SYSTEM32\Wldp.dll
0x00007fffd4e20000 - 0x00007fffd4ece000 	C:\WINDOWS\System32\SHCORE.dll
0x00007fffd48d0000 - 0x00007fffd4925000 	C:\WINDOWS\System32\shlwapi.dll
0x00007fffd2b30000 - 0x00007fffd2b4f000 	C:\WINDOWS\SYSTEM32\profapi.dll
0x00007fffc03b0000 - 0x00007fffc03ca000 	D:\MyWorks\Android Studio\jre\bin\net.dll
0x00007fffc2620000 - 0x00007fffc272b000 	C:\WINDOWS\SYSTEM32\WINHTTP.dll
0x00007fffd23d0000 - 0x00007fffd243a000 	C:\WINDOWS\system32\mswsock.dll
0x00007fffb8370000 - 0x00007fffb8384000 	D:\MyWorks\Android Studio\jre\bin\nio.dll
0x00007fffca470000 - 0x00007fffca497000 	C:\Users\Nat\.gradle\native\fdc75f09e3144964f2cf3f50f0aa648679c211496f362492102eb8c894070792\windows-amd64\native-platform.dll
0x00007fffb2340000 - 0x00007fffb24d6000 	C:\Users\Nat\.gradle\native\12488b8bf47d2d4c9fbf2f6322a914ad602e24e48041cd04a747c6da556b65c4\windows-amd64\native-platform-file-events.dll
0x00007fffc6540000 - 0x00007fffc654a000 	D:\MyWorks\Android Studio\jre\bin\management.dll
0x00007fffc21d0000 - 0x00007fffc21dc000 	D:\MyWorks\Android Studio\jre\bin\management_ext.dll
0x00007fffd25b0000 - 0x00007fffd25c8000 	C:\WINDOWS\SYSTEM32\CRYPTSP.dll
0x00007fffd1d00000 - 0x00007fffd1d34000 	C:\WINDOWS\system32\rsaenh.dll
0x00007fffd34f0000 - 0x00007fffd3517000 	C:\WINDOWS\System32\bcrypt.dll
0x00007fffd2af0000 - 0x00007fffd2b1e000 	C:\WINDOWS\SYSTEM32\USERENV.dll
0x00007fffd25a0000 - 0x00007fffd25ac000 	C:\WINDOWS\SYSTEM32\CRYPTBASE.dll
0x00007fffd2070000 - 0x00007fffd20ab000 	C:\WINDOWS\SYSTEM32\IPHLPAPI.DLL
0x00007fffd3940000 - 0x00007fffd3948000 	C:\WINDOWS\System32\NSI.dll
0x00007fffcc9e0000 - 0x00007fffcc9f7000 	C:\WINDOWS\SYSTEM32\dhcpcsvc6.DLL
0x00007fffcd100000 - 0x00007fffcd11d000 	C:\WINDOWS\SYSTEM32\dhcpcsvc.DLL
0x00007fffd20c0000 - 0x00007fffd218c000 	C:\WINDOWS\SYSTEM32\DNSAPI.dll
0x00007fffcd450000 - 0x00007fffcd45b000 	C:\WINDOWS\SYSTEM32\WINNSI.DLL

dbghelp: loaded successfully - version: 4.0.5 - missing functions: none
symbol engine: initialized successfully - sym options: 0x614 - pdb path: .;D:\MyWorks\Android Studio\jre\bin;C:\WINDOWS\SYSTEM32;C:\WINDOWS\WinSxS\amd64_microsoft.windows.common-controls_6595b64144ccf1df_6.0.19041.1052_none_60b8f8fd71f5e8cb;D:\MyWorks\Android Studio\jre\bin\server;C:\Users\Nat\.gradle\native\fdc75f09e3144964f2cf3f50f0aa648679c211496f362492102eb8c894070792\windows-amd64;C:\Users\Nat\.gradle\native\12488b8bf47d2d4c9fbf2f6322a914ad602e24e48041cd04a747c6da556b65c4\windows-amd64

VM Arguments:
jvm_args: --add-opens=java.base/java.util=ALL-UNNAMED --add-opens=java.base/java.lang=ALL-UNNAMED --add-opens=java.base/java.lang.invoke=ALL-UNNAMED --add-opens=java.prefs/java.util.prefs=ALL-UNNAMED -Xmx2048m -Dfile.encoding=UTF-8 -Duser.country=US -Duser.language=en -Duser.variant 
java_command: org.gradle.launcher.daemon.bootstrap.GradleDaemon 6.7.1
java_class_path (initial): C:\Users\Nat\.gradle\wrapper\dists\gradle-6.7.1-bin\bwlcbys1h7rz3272sye1xwiv6\gradle-6.7.1\lib\gradle-launcher-6.7.1.jar
Launcher Type: SUN_STANDARD

[Global flags]
     intx CICompilerCount                          = 3                                         {product} {ergonomic}
     uint ConcGCThreads                            = 1                                         {product} {ergonomic}
     uint G1ConcRefinementThreads                  = 4                                         {product} {ergonomic}
   size_t G1HeapRegionSize                         = 1048576                                   {product} {ergonomic}
    uintx GCDrainStackTargetSize                   = 64                                        {product} {ergonomic}
   size_t InitialHeapSize                          = 134217728                                 {product} {ergonomic}
   size_t MarkStackSize                            = 4194304                                   {product} {ergonomic}
   size_t MaxHeapSize                              = 2147483648                                {product} {command line}
   size_t MaxNewSize                               = 1287651328                                {product} {ergonomic}
   size_t MinHeapDeltaBytes                        = 1048576                                   {product} {ergonomic}
    uintx NonNMethodCodeHeapSize                   = 5830732                                {pd product} {ergonomic}
    uintx NonProfiledCodeHeapSize                  = 122913754                              {pd product} {ergonomic}
    uintx ProfiledCodeHeapSize                     = 122913754                              {pd product} {ergonomic}
    uintx ReservedCodeCacheSize                    = 251658240                              {pd product} {ergonomic}
     bool SegmentedCodeCache                       = true                                      {product} {ergonomic}
     bool UseCompressedClassPointers               = true                                 {lp64_product} {ergonomic}
     bool UseCompressedOops                        = true                                 {lp64_product} {ergonomic}
     bool UseG1GC                                  = true                                      {product} {ergonomic}
     bool UseLargePagesIndividualAllocation        = false                                  {pd product} {ergonomic}

Logging:
Log output configuration:
 #0: stdout all=warning uptime,level,tags
 #1: stderr all=off uptime,level,tags

Environment Variables:
JAVA_HOME=C:\Program Files\Java\jdk1.8.0_202
PATH=C:\Program Files (x86)\Common Files\Oracle\Java\javapath;C:\Windows\System32;C:\Windows;C:\Windows\System32\wbem;C:\Windows\System32\WindowsPowerShell\v1.0\;C:\Program Files\Intel\WiFi\BIN\;C:\Program Files\Common Files\Intel\WIRELESSCOMMON\;C:\Program Files (x86)\NVIDIA Corporation\PhysX\Common;C:\PROGRA~2\FarStone\VIRTUA~1;C:\Program Files (x86)\FarStone\VirtualDrive\VDP;C:\PROGRA~2\FarStone\VIRTUA~1\DVDCRE~1;C:\Windows\System32;C:\Windows;C:\Windows\System32\wbem;C:\Windows\System32\WindowsPowerShell\v1.0\;C:\Windows\System32\OpenSSH\;C:\Program Files\Git\cmd;C:\Program Files (x86)\Microsoft SQL Server\100\Tools\Binn\VSShell\Common7\IDE\;C:\Program Files (x86)\Microsoft SQL Server\100\Tools\Binn\;C:\Program Files\Microsoft SQL Server\100\Tools\Binn\;C:\Program Files (x86)\Microsoft SQL Server\100\DTS\Binn\;C:\Program Files\Microsoft SQL Server\100\DTS\Binn\;C:\Program Files\Microsoft SQL Server\130\Tools\Binn\;C:\Program Files\Intel\WiFi\bin\;C:\Program Files\Common Files\Intel\WirelessCommon\;C:\Users\Nat\AppData\Local\Microsoft\WindowsApps;C:\Users\Nat\AppData\Local\Programs\Microsoft VS Code Insiders\bin;C:\Program Files\apache-ant-1.10.7\bin;C:\Program Files\Git\bin;C:\Program Files\Java\jdk1.8.0_202\bin;
USERNAME=Nat
OS=Windows_NT
PROCESSOR_IDENTIFIER=Intel64 Family 6 Model 61 Stepping 4, GenuineIntel



---------------  S Y S T E M  ---------------

OS: Windows 10 , 64 bit Build 19041 (10.0.19041.1023)
OS uptime: 4 days 14:48 hours

CPU:total 4 (initial active 4) (2 cores per cpu, 2 threads per core) family 6 model 61 stepping 4, cmov, cx8, fxsr, mmx, sse, sse2, sse3, ssse3, sse4.1, sse4.2, popcnt, avx, avx2, aes, clmul, erms, 3dnowpref, lzcnt, ht, tsc, tscinvbit, bmi1, bmi2, adx, fma

Memory: 4k page, system-wide physical 8103M (1739M free)
TotalPageFile size 8103M (AvailPageFile size 15M)
current process WorkingSet (physical memory assigned to process): 308M, peak: 308M
current process commit charge ("private bytes"): 358M, peak: 389M

vm_info: OpenJDK 64-Bit Server VM (11.0.8+10-b944.6842174) for windows-amd64 JRE (11.0.8+10-b944.6842174), built on Sep 19 2020 01:11:42 by "builder" with MS VC++ 14.0 (VS2015)

END.
